This is pdfTeX, Version 3.141592653-2.6-1.40.27 (MiKTeX 25.4) (preloaded format=pdflatex 2025.7.16)  18 NOV 2025 15:24
entering extended mode
 restricted \write18 enabled.
 %&-line parsing enabled.
**./Principal.tex
(Principal.tex
LaTeX2e <2025-06-01> patch level 1
L3 programming layer <2025-07-11>
Copyright Juan Carlos Guzmán Salgado Griselda Sánchez Otero Diego Alonso Flor
es Hernández
(upiita.cls
Document Class: upiita 2004/02/16 v1.4f Standard LaTeX document class
(C:\Users\chris\AppData\Local\Programs\MiKTeX\tex/generic/babel\babel.sty
Package: babel 2025/05/14 v25.9 The multilingual framework for pdfLaTeX, LuaLaT
eX and XeLaTeX
\babel@savecnt=\count275
LaTeX Encoding Info:    Redeclaring text command \ij (encoding OT1) on input li
ne 2043.
LaTeX Encoding Info:    Redeclaring text command \IJ (encoding OT1) on input li
ne 2045.
LaTeX Encoding Info:    Redeclaring text command \ij (encoding T1) on input lin
e 2047.
LaTeX Encoding Info:    Redeclaring text command \IJ (encoding T1) on input lin
e 2048.
LaTeX Encoding Info:    Ignoring declaration for text command \ij (encoding ?) 
on input line 2049.
LaTeX Encoding Info:    Ignoring declaration for text command \IJ (encoding ?) 
on input line 2051.
LaTeX Encoding Info:    Ignoring declaration for text command \SS (encoding ?) 
on input line 2076.
\U@D=\dimen148
\l@unhyphenated=\language79

(C:\Users\chris\AppData\Local\Programs\MiKTeX\tex/generic/babel\txtbabel.def)
\bbl@readstream=\read2
\bbl@dirlevel=\count276

*************************************
* Local config file bblopts.cfg used
*
(C:\Users\chris\AppData\Local\Programs\MiKTeX\tex/latex/arabi\bblopts.cfg
File: bblopts.cfg 2005/09/08 v0.1 add Arabic and Farsi to "declared" options of
 babel
)
(C:\Users\chris\AppData\Local\Programs\MiKTeX\tex/latex/babel-spanish\spanish.l
df
Language: spanish.ldf 2021/05/27 v5.0q Spanish support from the babel system

(C:\Users\chris\AppData\Local\Programs\MiKTeX\tex/generic/babel/locale/es\babel
-spanish.tex
Package babel Info: Importing font and identification data for spanish
(babel)             from babel-es.ini. Reported on input line 11.
)
\es@quottoks=\toks17
\es@quotdepth=\count277
Package babel Info: Making " an active character on input line 570.
Package babel Info: Making . an active character on input line 675.
Package babel Info: Making < an active character on input line 722.
Package babel Info: Making > an active character on input line 722.
)
(C:\Users\chris\AppData\Local\Programs\MiKTeX\tex/latex/babel-spanish\spanish.l
df
Language: spanish.ldf 2021/05/27 v5.0q Spanish support from the babel system
))
LaTeX Encoding Info:    Redeclaring text command \guillemotleft (encoding OT1) 
on input line 149.
LaTeX Encoding Info:    Redeclaring text command \guillemotright (encoding OT1)
 on input line 149.
 (C:\Users\chris\AppData\Local\Programs\MiKTeX\tex/latex/base\inputenc.sty
Package: inputenc 2024/02/08 v1.3d Input encoding file
\inpenc@prehook=\toks18
\inpenc@posthook=\toks19
) (C:\Users\chris\AppData\Local\Programs\MiKTeX\tex/latex/fancyhdr\fancyhdr.sty
Package: fancyhdr 2025/02/07 v5.2 Extensive control of page headers and footers

\f@nch@headwidth=\skip49
\f@nch@offset@elh=\skip50
\f@nch@offset@erh=\skip51
\f@nch@offset@olh=\skip52
\f@nch@offset@orh=\skip53
\f@nch@offset@elf=\skip54
\f@nch@offset@erf=\skip55
\f@nch@offset@olf=\skip56
\f@nch@offset@orf=\skip57
\f@nch@height=\skip58
\f@nch@footalignment=\skip59
\f@nch@widthL=\skip60
\f@nch@widthC=\skip61
\f@nch@widthR=\skip62
\@temptokenb=\toks20
) (C:\Users\chris\AppData\Local\Programs\MiKTeX\tex/latex/base\bk11.clo
File: bk11.clo 2025/01/22 v1.4n Standard LaTeX file (size option)
)
\c@part=\count278
\c@chapter=\count279
\c@section=\count280
\c@subsection=\count281
\c@subsubsection=\count282
\c@paragraph=\count283
\c@subparagraph=\count284
\c@figure=\count285
\c@table=\count286
\abovecaptionskip=\skip63
\belowcaptionskip=\skip64
\bibindent=\dimen149

(C:\Users\chris\AppData\Local\Programs\MiKTeX\tex/latex/etoolbox\etoolbox.sty
Package: etoolbox 2025/02/11 v2.5l e-TeX tools for LaTeX (JAW)
\etb@tempcnta=\count287
)) (configuracion/upiitatesis.sty
NOTICE: This macro file is NOT proprietary and may be freely copied and distrib
uted.

LaTeX Warning: You have requested package `configuracion/upiitatesis',
               but the package provides `upiitatesis'.

Package: upiitatesis 2023/05/09v2 LaTeX package (Revised chapters)
(C:\Users\chris\AppData\Local\Programs\MiKTeX\tex/latex/listings\listings.sty
(C:\Users\chris\AppData\Local\Programs\MiKTeX\tex/latex/graphics\keyval.sty
Package: keyval 2022/05/29 v1.15 key=value parser (DPC)
\KV@toks@=\toks21
)
\lst@mode=\count288
\lst@gtempboxa=\box53
\lst@token=\toks22
\lst@length=\count289
\lst@currlwidth=\dimen150
\lst@column=\count290
\lst@pos=\count291
\lst@lostspace=\dimen151
\lst@width=\dimen152
\lst@newlines=\count292
\lst@lineno=\count293
\lst@maxwidth=\dimen153

(C:\Users\chris\AppData\Local\Programs\MiKTeX\tex/latex/listings\lstpatch.sty
File: lstpatch.sty 2024/09/23 1.10c (Carsten Heinz)
)
(C:\Users\chris\AppData\Local\Programs\MiKTeX\tex/latex/listings\lstmisc.sty
File: lstmisc.sty 2024/09/23 1.10c (Carsten Heinz)
\c@lstnumber=\count294
\lst@skipnumbers=\count295
\lst@framebox=\box54
)
(C:\Users\chris\AppData\Local\Programs\MiKTeX\tex/latex/listings\listings.cfg
File: listings.cfg 2024/09/23 1.10c listings configuration
))
Package: listings 2024/09/23 1.10c (Carsten Heinz)
(C:\Users\chris\AppData\Local\Programs\MiKTeX\tex/latex/fancyvrb\fancyvrb.sty
Package: fancyvrb 2025/07/28 4.6 verbatim text (tvz,hv)
\FV@CodeLineNo=\count296
\FV@InFile=\read3
\FV@TabBox=\box55
\c@FancyVerbLine=\count297
\FV@StepNumber=\count298
\FV@OutFile=\write3
)
(C:\Users\chris\AppData\Local\Programs\MiKTeX\tex/latex/amsfonts\amsfonts.sty
Package: amsfonts 2013/01/14 v3.01 Basic AMSFonts support
\@emptytoks=\toks23
\symAMSa=\mathgroup4
\symAMSb=\mathgroup5
LaTeX Font Info:    Redeclaring math symbol \hbar on input line 98.
LaTeX Font Info:    Overwriting math alphabet `\mathfrak' in version `bold'
(Font)                  U/euf/m/n --> U/euf/b/n on input line 106.
)
(C:\Users\chris\AppData\Local\Programs\MiKTeX\tex/latex/amsmath\amsmath.sty
Package: amsmath 2025/06/16 v2.17y AMS math features
\@mathmargin=\skip65

For additional information on amsmath, use the `?' option.
(C:\Users\chris\AppData\Local\Programs\MiKTeX\tex/latex/amsmath\amstext.sty
Package: amstext 2024/11/17 v2.01 AMS text

(C:\Users\chris\AppData\Local\Programs\MiKTeX\tex/latex/amsmath\amsgen.sty
File: amsgen.sty 1999/11/30 v2.0 generic functions
\@emptytoks=\toks24
\ex@=\dimen154
))
(C:\Users\chris\AppData\Local\Programs\MiKTeX\tex/latex/amsmath\amsbsy.sty
Package: amsbsy 1999/11/29 v1.2d Bold Symbols
\pmbraise@=\dimen155
)
(C:\Users\chris\AppData\Local\Programs\MiKTeX\tex/latex/amsmath\amsopn.sty
Package: amsopn 2022/04/08 v2.04 operator names
)
\inf@bad=\count299
LaTeX Info: Redefining \frac on input line 233.
\uproot@=\count300
\leftroot@=\count301
LaTeX Info: Redefining \overline on input line 398.
LaTeX Info: Redefining \colon on input line 409.
\classnum@=\count302
\DOTSCASE@=\count303
LaTeX Info: Redefining \ldots on input line 495.
LaTeX Info: Redefining \dots on input line 498.
LaTeX Info: Redefining \cdots on input line 619.
\Mathstrutbox@=\box56
\strutbox@=\box57
LaTeX Info: Redefining \big on input line 721.
LaTeX Info: Redefining \Big on input line 722.
LaTeX Info: Redefining \bigg on input line 723.
LaTeX Info: Redefining \Bigg on input line 724.
\big@size=\dimen156
LaTeX Font Info:    Redeclaring font encoding OML on input line 742.
LaTeX Font Info:    Redeclaring font encoding OMS on input line 743.
\macc@depth=\count304
LaTeX Info: Redefining \bmod on input line 904.
LaTeX Info: Redefining \pmod on input line 909.
LaTeX Info: Redefining \smash on input line 939.
LaTeX Info: Redefining \relbar on input line 969.
LaTeX Info: Redefining \Relbar on input line 970.
\c@MaxMatrixCols=\count305
\dotsspace@=\muskip17
\c@parentequation=\count306
\dspbrk@lvl=\count307
\tag@help=\toks25
\row@=\count308
\column@=\count309
\maxfields@=\count310
\andhelp@=\toks26
\eqnshift@=\dimen157
\alignsep@=\dimen158
\tagshift@=\dimen159
\tagwidth@=\dimen160
\totwidth@=\dimen161
\lineht@=\dimen162
\@envbody=\toks27
\multlinegap=\skip66
\multlinetaggap=\skip67
\mathdisplay@stack=\toks28
LaTeX Info: Redefining \[ on input line 2949.
LaTeX Info: Redefining \] on input line 2950.
)
(C:\Users\chris\AppData\Local\Programs\MiKTeX\tex/latex/amsfonts\amssymb.sty
Package: amssymb 2013/01/14 v3.01 AMS font symbols
)
(C:\Users\chris\AppData\Local\Programs\MiKTeX\tex/latex/bbding\bbding.sty
Package: bbding 1999/04/15 v1.01 Dingbats symbols
)
(C:\Users\chris\AppData\Local\Programs\MiKTeX\tex/latex/fourier\fourier-orns.st
y
Package: fourier-orns 2024/09/08 2.4 fourier-ornaments package
 (C:\Users\chris\AppData\Local\Programs\MiKTeX\tex/generic/iftex\iftex.sty
Package: iftex 2024/12/12 v1.0g TeX engine tests
))
(C:\Users\chris\AppData\Local\Programs\MiKTeX\tex/latex/amsfonts\eucal.sty
Package: eucal 2009/06/22 v3.00 Euler Script fonts
LaTeX Font Info:    Overwriting math alphabet `\EuScript' in version `bold'
(Font)                  U/eus/m/n --> U/eus/b/n on input line 33.
)
(C:\Users\chris\AppData\Local\Programs\MiKTeX\tex/latex/jknappen\mathrsfs.sty
Package: mathrsfs 1996/01/01 Math RSFS package v1.0 (jk)
\symrsfs=\mathgroup6
)
(C:\Users\chris\AppData\Local\Programs\MiKTeX\tex/latex/montserrat\montserrat.s
ty
Package: montserrat 2019/11/07 v1.03

`montserrat' v1.03, 2019/11/07 Style file for Montserrat and Alternates (msharp
e) (C:\Users\chris\AppData\Local\Programs\MiKTeX\tex/latex/base\fontenc.sty
Package: fontenc 2024/12/21 v2.1c Standard LaTeX package

(C:\Users\chris\AppData\Local\Programs\MiKTeX\tex/latex/ly1\ly1enc.def
File: ly1enc.def 2022/06/11 v0.8 TeX 'n ANSI encoding (DPC/KB)
Now handling font encoding LY1 ...
... processing UTF-8 mapping file for font encoding LY1

(C:\Users\chris\AppData\Local\Programs\MiKTeX\tex/latex/base\ly1enc.dfu
File: ly1enc.dfu 2022/06/07 v1.3c UTF-8 support
   defining Unicode char U+00A0 (decimal 160)
   defining Unicode char U+00A1 (decimal 161)
   defining Unicode char U+00A2 (decimal 162)
   defining Unicode char U+00A3 (decimal 163)
   defining Unicode char U+00A4 (decimal 164)
   defining Unicode char U+00A5 (decimal 165)
   defining Unicode char U+00A6 (decimal 166)
   defining Unicode char U+00A7 (decimal 167)
   defining Unicode char U+00AA (decimal 170)
   defining Unicode char U+00AB (decimal 171)
   defining Unicode char U+00AD (decimal 173)
   defining Unicode char U+00AE (decimal 174)
   defining Unicode char U+00B0 (decimal 176)
   defining Unicode char U+00B5 (decimal 181)
   defining Unicode char U+00B6 (decimal 182)
   defining Unicode char U+00B7 (decimal 183)
   defining Unicode char U+00BA (decimal 186)
   defining Unicode char U+00BB (decimal 187)
   defining Unicode char U+00BC (decimal 188)
   defining Unicode char U+00BD (decimal 189)
   defining Unicode char U+00BE (decimal 190)
   defining Unicode char U+00BF (decimal 191)
   defining Unicode char U+00C0 (decimal 192)
   defining Unicode char U+00C1 (decimal 193)
   defining Unicode char U+00C2 (decimal 194)
   defining Unicode char U+00C3 (decimal 195)
   defining Unicode char U+00C4 (decimal 196)
   defining Unicode char U+00C5 (decimal 197)
   defining Unicode char U+00C6 (decimal 198)
   defining Unicode char U+00C7 (decimal 199)
   defining Unicode char U+00C8 (decimal 200)
   defining Unicode char U+00C9 (decimal 201)
   defining Unicode char U+00CA (decimal 202)
   defining Unicode char U+00CB (decimal 203)
   defining Unicode char U+00CC (decimal 204)
   defining Unicode char U+00CD (decimal 205)
   defining Unicode char U+00CE (decimal 206)
   defining Unicode char U+00CF (decimal 207)
   defining Unicode char U+00D0 (decimal 208)
   defining Unicode char U+00D1 (decimal 209)
   defining Unicode char U+00D2 (decimal 210)
   defining Unicode char U+00D3 (decimal 211)
   defining Unicode char U+00D4 (decimal 212)
   defining Unicode char U+00D5 (decimal 213)
   defining Unicode char U+00D6 (decimal 214)
   defining Unicode char U+00D8 (decimal 216)
   defining Unicode char U+00D9 (decimal 217)
   defining Unicode char U+00DA (decimal 218)
   defining Unicode char U+00DB (decimal 219)
   defining Unicode char U+00DC (decimal 220)
   defining Unicode char U+00DD (decimal 221)
   defining Unicode char U+00DE (decimal 222)
   defining Unicode char U+00DF (decimal 223)
   defining Unicode char U+00E0 (decimal 224)
   defining Unicode char U+00E1 (decimal 225)
   defining Unicode char U+00E2 (decimal 226)
   defining Unicode char U+00E3 (decimal 227)
   defining Unicode char U+00E4 (decimal 228)
   defining Unicode char U+00E5 (decimal 229)
   defining Unicode char U+00E6 (decimal 230)
   defining Unicode char U+00E7 (decimal 231)
   defining Unicode char U+00E8 (decimal 232)
   defining Unicode char U+00E9 (decimal 233)
   defining Unicode char U+00EA (decimal 234)
   defining Unicode char U+00EB (decimal 235)
   defining Unicode char U+00EC (decimal 236)
   defining Unicode char U+00ED (decimal 237)
   defining Unicode char U+00EE (decimal 238)
   defining Unicode char U+00EF (decimal 239)
   defining Unicode char U+00F0 (decimal 240)
   defining Unicode char U+00F1 (decimal 241)
   defining Unicode char U+00F2 (decimal 242)
   defining Unicode char U+00F3 (decimal 243)
   defining Unicode char U+00F4 (decimal 244)
   defining Unicode char U+00F5 (decimal 245)
   defining Unicode char U+00F6 (decimal 246)
   defining Unicode char U+00F8 (decimal 248)
   defining Unicode char U+00F9 (decimal 249)
   defining Unicode char U+00FA (decimal 250)
   defining Unicode char U+00FB (decimal 251)
   defining Unicode char U+00FC (decimal 252)
   defining Unicode char U+00FD (decimal 253)
   defining Unicode char U+00FE (decimal 254)
   defining Unicode char U+00FF (decimal 255)
   defining Unicode char U+0131 (decimal 305)
   defining Unicode char U+0141 (decimal 321)
   defining Unicode char U+0142 (decimal 322)
   defining Unicode char U+0152 (decimal 338)
   defining Unicode char U+0153 (decimal 339)
   defining Unicode char U+0160 (decimal 352)
   defining Unicode char U+0161 (decimal 353)
   defining Unicode char U+0174 (decimal 372)
   defining Unicode char U+0175 (decimal 373)
   defining Unicode char U+0176 (decimal 374)
   defining Unicode char U+0177 (decimal 375)
   defining Unicode char U+0178 (decimal 376)
   defining Unicode char U+017D (decimal 381)
   defining Unicode char U+017E (decimal 382)
   defining Unicode char U+0192 (decimal 402)
   defining Unicode char U+0218 (decimal 536)
   defining Unicode char U+0219 (decimal 537)
   defining Unicode char U+021A (decimal 538)
   defining Unicode char U+021B (decimal 539)
   defining Unicode char U+0237 (decimal 567)
   defining Unicode char U+02C6 (decimal 710)
   defining Unicode char U+02DC (decimal 732)
   defining Unicode char U+2013 (decimal 8211)
   defining Unicode char U+2014 (decimal 8212)
   defining Unicode char U+201C (decimal 8220)
   defining Unicode char U+201D (decimal 8221)
   defining Unicode char U+2020 (decimal 8224)
   defining Unicode char U+2021 (decimal 8225)
   defining Unicode char U+2022 (decimal 8226)
   defining Unicode char U+2026 (decimal 8230)
   defining Unicode char U+2030 (decimal 8240)
   defining Unicode char U+2039 (decimal 8249)
   defining Unicode char U+203A (decimal 8250)
   defining Unicode char U+2122 (decimal 8482)
   defining Unicode char U+FB00 (decimal 64256)
   defining Unicode char U+FB01 (decimal 64257)
   defining Unicode char U+FB02 (decimal 64258)
   defining Unicode char U+FB03 (decimal 64259)
   defining Unicode char U+FB04 (decimal 64260)
   defining Unicode char U+FB05 (decimal 64261)
   defining Unicode char U+FB06 (decimal 64262)
)))
(C:\Users\chris\AppData\Local\Programs\MiKTeX\tex/latex/base\textcomp.sty
Package: textcomp 2024/04/24 v2.1b Standard LaTeX package
)
(C:\Users\chris\AppData\Local\Programs\MiKTeX\tex/latex/fontaxes\fontaxes.sty
Package: fontaxes 2025-05-24 v2.0.1 Font selection axes (deprecated)

(C:\Users\chris\AppData\Local\Programs\MiKTeX\tex/latex/figureversions\figureve
rsions.sty
Package: figureversions 2025-04-29 v1.0.1 Figure versions
))
(C:\Users\chris\AppData\Local\Programs\MiKTeX\tex/latex/xkeyval\xkeyval.sty
Package: xkeyval 2022/06/16 v2.9 package option processing (HA)

(C:\Users\chris\AppData\Local\Programs\MiKTeX\tex/generic/xkeyval\xkeyval.tex
(C:\Users\chris\AppData\Local\Programs\MiKTeX\tex/generic/xkeyval\xkvutils.tex
\XKV@toks=\toks29
\XKV@tempa@toks=\toks30
)
\XKV@depth=\count311
File: xkeyval.tex 2014/12/03 v2.7a key=value parser (HA)
))) (C:\Users\chris\AppData\Local\Programs\MiKTeX\tex/latex/psnfss\pifont.sty
Package: pifont 2020/03/25 PSNFSS-v9.3 Pi font support (SPQR) 
LaTeX Font Info:    Trying to load font information for U+pzd on input line 63.


(C:\Users\chris\AppData\Local\Programs\MiKTeX\tex/latex/psnfss\upzd.fd
File: upzd.fd 2001/06/04 font definitions for U/pzd.
)
LaTeX Font Info:    Trying to load font information for U+psy on input line 64.


(C:\Users\chris\AppData\Local\Programs\MiKTeX\tex/latex/psnfss\upsy.fd
File: upsy.fd 2001/06/04 font definitions for U/psy.
))
(configuracion/romanidx.sty)
(C:\Users\chris\AppData\Local\Programs\MiKTeX\tex/latex/lettrine\lettrine.sty
File: lettrine.sty 2025-01-30 v2.80 (Daniel Flipo)

(C:\Users\chris\AppData\Local\Programs\MiKTeX\tex/latex/l3packages/xfp\xfp.sty
(C:\Users\chris\AppData\Local\Programs\MiKTeX\tex/latex/l3kernel\expl3.sty
Package: expl3 2025-07-11 L3 programming layer (loader) 

(C:\Users\chris\AppData\Local\Programs\MiKTeX\tex/latex/l3backend\l3backend-pdf
tex.def
File: l3backend-pdftex.def 2025-06-09 L3 backend support: PDF output (pdfTeX)
\l__color_backend_stack_int=\count312
))
Package: xfp 2024-08-16 L3 Floating point unit
)
\c@DefaultLines=\count313
\c@DefaultDepth=\count314
\DefaultFindent=\dimen163
\DefaultNindent=\dimen164
\DefaultSlope=\dimen165
\DiscardVskip=\dimen166
\L@lettrine=\box58
\L@lbox=\box59
\L@tbox=\box60
\c@L@lines=\count315
\c@L@depth=\count316
\L@Pindent=\dimen167
\L@Findent=\dimen168
\L@Nindent=\dimen169
\L@lraise=\dimen170
\L@first=\dimen171
\L@next=\dimen172
\L@slope=\dimen173
\L@height=\dimen174
\L@novskip=\dimen175
\L@target@ht=\dimen176
\L@target@dp=\dimen177
\L@target@tht=\dimen178
\LettrineWidth=\dimen179
\LettrineHeight=\dimen180
\LettrineDepth=\dimen181
\L@finalht=\dimen182
\L@finaldp=\dimen183

Loading lettrine.cfg
(C:\Users\chris\AppData\Local\Programs\MiKTeX\tex/latex/lettrine\lettrine.cfg)
\Lettrine@tweaks=\toks31
\Llist@everypar=\toks32
) (C:\Users\chris\AppData\Local\Programs\MiKTeX\tex/latex/tools\multicol.sty
Package: multicol 2025/05/25 v2.0a multicolumn formatting (FMi)
\c@tracingmulticols=\count317
\mult@box=\box61
\multicol@leftmargin=\dimen184
\c@unbalance=\count318
\c@collectmore=\count319
\doublecol@number=\count320
\multicoltolerance=\count321
\multicolpretolerance=\count322
\full@width=\dimen185
\page@free=\dimen186
\premulticols=\dimen187
\postmulticols=\dimen188
\multicolsep=\skip68
\multicolbaselineskip=\skip69
\partial@page=\box62
\last@line=\box63
\mc@boxedresult=\box64
\maxbalancingoverflow=\dimen189
\mult@rightbox=\box65
\mult@grightbox=\box66
\mult@firstbox=\box67
\mult@gfirstbox=\box68
\@tempa=\box69
\@tempa=\box70
\@tempa=\box71
\@tempa=\box72
\@tempa=\box73
\@tempa=\box74
\@tempa=\box75
\@tempa=\box76
\@tempa=\box77
\@tempa=\box78
\@tempa=\box79
\@tempa=\box80
\@tempa=\box81
\@tempa=\box82
\@tempa=\box83
\@tempa=\box84
\@tempa=\box85
\@tempa=\box86
\@tempa=\box87
\@tempa=\box88
\@tempa=\box89
\@tempa=\box90
\@tempa=\box91
\@tempa=\box92
\@tempa=\box93
\@tempa=\box94
\@tempa=\box95
\@tempa=\box96
\@tempa=\box97
\@tempa=\box98
\@tempa=\box99
\@tempa=\box100
\@tempa=\box101
\@tempa=\box102
\@tempa=\box103
\@tempa=\box104
\c@minrows=\count323
\c@columnbadness=\count324
\c@finalcolumnbadness=\count325
\last@try=\dimen190
\multicolovershoot=\dimen191
\multicolundershoot=\dimen192
\mult@nat@firstbox=\box105
\colbreak@box=\box106
\mc@col@check@num=\count326
\g__mc_curr_col_int=\count327
)
(C:\Users\chris\AppData\Local\Programs\MiKTeX\tex/latex/nextpage\nextpage.sty
Package: nextpage 2009/09/03 v1.1a additional page commands
)
(C:\Users\chris\AppData\Local\Programs\MiKTeX\tex/latex/graphics\color.sty
Package: color 2025/01/14 v1.3e Standard LaTeX Color (DPC)

(C:\Users\chris\AppData\Local\Programs\MiKTeX\tex/latex/graphics-cfg\color.cfg
File: color.cfg 2016/01/02 v1.6 sample color configuration
)
Package color Info: Driver file: pdftex.def on input line 149.

(C:\Users\chris\AppData\Local\Programs\MiKTeX\tex/latex/graphics-def\pdftex.def
File: pdftex.def 2024/04/13 v1.2c Graphics/color driver for pdftex
)
(C:\Users\chris\AppData\Local\Programs\MiKTeX\tex/latex/graphics\mathcolor.ltx)
) (C:\Users\chris\AppData\Local\Programs\MiKTeX\tex/latex/xcolor\xcolor.sty
Package: xcolor 2024/09/29 v3.02 LaTeX color extensions (UK)

(C:\Users\chris\AppData\Local\Programs\MiKTeX\tex/latex/graphics-cfg\color.cfg
File: color.cfg 2016/01/02 v1.6 sample color configuration
)
Package xcolor Info: Driver file: pdftex.def on input line 274.
LaTeX Info: Redefining \color on input line 762.
(C:\Users\chris\AppData\Local\Programs\MiKTeX\tex/latex/graphics\mathcolor.ltx)
Package xcolor Info: Model `cmy' substituted by `cmy0' on input line 1349.
Package xcolor Info: Model `hsb' substituted by `rgb' on input line 1353.
Package xcolor Info: Model `RGB' extended on input line 1365.
Package xcolor Info: Model `HTML' substituted by `rgb' on input line 1367.
Package xcolor Info: Model `Hsb' substituted by `hsb' on input line 1368.
Package xcolor Info: Model `tHsb' substituted by `hsb' on input line 1369.
Package xcolor Info: Model `HSB' substituted by `hsb' on input line 1370.
Package xcolor Info: Model `Gray' substituted by `gray' on input line 1371.
Package xcolor Info: Model `wave' substituted by `hsb' on input line 1372.
) (C:\Users\chris\AppData\Local\Programs\MiKTeX\tex/latex/base\fontenc.sty
Package: fontenc 2024/12/21 v2.1c Standard LaTeX package
)
(C:\Users\chris\AppData\Local\Programs\MiKTeX\tex/latex/titling\titling.sty
Package: titling 2009/09/04 v2.1d maketitle typesetting
\thanksmarkwidth=\skip70
\thanksmargin=\skip71
\droptitle=\skip72
)
(C:\Users\chris\AppData\Local\Programs\MiKTeX\tex/latex/titlesec\titlesec.sty
Package: titlesec 2025/01/04 v2.17 Sectioning titles
\ttl@box=\box107
\beforetitleunit=\skip73
\aftertitleunit=\skip74
\ttl@plus=\dimen193
\ttl@minus=\dimen194
\ttl@toksa=\toks33
\titlewidth=\dimen195
\titlewidthlast=\dimen196
\titlewidthfirst=\dimen197
)
(C:\Users\chris\AppData\Local\Programs\MiKTeX\tex/latex/fncychap\fncychap.sty
Package: fncychap 2007/07/30 v1.34 LaTeX package (Revised chapters)
\RW=\skip75
\mylen=\skip76
\myhi=\skip77
\px=\skip78
\py=\skip79
\pyy=\skip80
\pxx=\skip81
)
(C:\Users\chris\AppData\Local\Programs\MiKTeX\tex/latex/base\ifthen.sty
Package: ifthen 2024/03/16 v1.1e Standard LaTeX ifthen package (DPC)
)
(C:\Users\chris\AppData\Local\Programs\MiKTeX\tex/latex/geometry\geometry.sty
Package: geometry 2020/01/02 v5.9 Page Geometry

(C:\Users\chris\AppData\Local\Programs\MiKTeX\tex/generic/iftex\ifvtex.sty
Package: ifvtex 2019/10/25 v1.7 ifvtex legacy package. Use iftex instead.
)
\Gm@cnth=\count328
\Gm@cntv=\count329
\c@Gm@tempcnt=\count330
\Gm@bindingoffset=\dimen198
\Gm@wd@mp=\dimen199
\Gm@odd@mp=\dimen256
\Gm@even@mp=\dimen257
\Gm@layoutwidth=\dimen258
\Gm@layoutheight=\dimen259
\Gm@layouthoffset=\dimen260
\Gm@layoutvoffset=\dimen261
\Gm@dimlist=\toks34

(C:\Users\chris\AppData\Local\Programs\MiKTeX\tex/latex/geometry\geometry.cfg))
(C:\Users\chris\AppData\Local\Programs\MiKTeX\tex/latex/hyperref\hyperref.sty
Package: hyperref 2025-07-12 v7.01o Hypertext links for LaTeX

(C:\Users\chris\AppData\Local\Programs\MiKTeX\tex/latex/kvsetkeys\kvsetkeys.sty
Package: kvsetkeys 2022-10-05 v1.19 Key value parser (HO)
)
(C:\Users\chris\AppData\Local\Programs\MiKTeX\tex/generic/kvdefinekeys\kvdefine
keys.sty
Package: kvdefinekeys 2019-12-19 v1.6 Define keys (HO)
)
(C:\Users\chris\AppData\Local\Programs\MiKTeX\tex/generic/pdfescape\pdfescape.s
ty
Package: pdfescape 2019/12/09 v1.15 Implements pdfTeX's escape features (HO)

(C:\Users\chris\AppData\Local\Programs\MiKTeX\tex/generic/ltxcmds\ltxcmds.sty
Package: ltxcmds 2023-12-04 v1.26 LaTeX kernel commands for general use (HO)
)
(C:\Users\chris\AppData\Local\Programs\MiKTeX\tex/generic/pdftexcmds\pdftexcmds
.sty
Package: pdftexcmds 2020-06-27 v0.33 Utility functions of pdfTeX for LuaTeX (HO
)

(C:\Users\chris\AppData\Local\Programs\MiKTeX\tex/generic/infwarerr\infwarerr.s
ty
Package: infwarerr 2019/12/03 v1.5 Providing info/warning/error messages (HO)
)
Package pdftexcmds Info: \pdf@primitive is available.
Package pdftexcmds Info: \pdf@ifprimitive is available.
Package pdftexcmds Info: \pdfdraftmode found.
))
(C:\Users\chris\AppData\Local\Programs\MiKTeX\tex/latex/hycolor\hycolor.sty
Package: hycolor 2020-01-27 v1.10 Color options for hyperref/bookmark (HO)
)
(C:\Users\chris\AppData\Local\Programs\MiKTeX\tex/latex/hyperref\nameref.sty
Package: nameref 2025-06-21 v2.57 Cross-referencing by name of section

(C:\Users\chris\AppData\Local\Programs\MiKTeX\tex/latex/refcount\refcount.sty
Package: refcount 2019/12/15 v3.6 Data extraction from label references (HO)
)
(C:\Users\chris\AppData\Local\Programs\MiKTeX\tex/generic/gettitlestring\gettit
lestring.sty
Package: gettitlestring 2019/12/15 v1.6 Cleanup title references (HO)

(C:\Users\chris\AppData\Local\Programs\MiKTeX\tex/latex/kvoptions\kvoptions.sty
Package: kvoptions 2022-06-15 v3.15 Key value format for package options (HO)
))
\c@section@level=\count331
)
(C:\Users\chris\AppData\Local\Programs\MiKTeX\tex/generic/stringenc\stringenc.s
ty
Package: stringenc 2019/11/29 v1.12 Convert strings between diff. encodings (HO
)
)
\@linkdim=\dimen262
\Hy@linkcounter=\count332
\Hy@pagecounter=\count333
 (C:\Users\chris\AppData\Local\Programs\MiKTeX\tex/latex/hyperref\pd1enc.def
File: pd1enc.def 2025-07-12 v7.01o Hyperref: PDFDocEncoding definition (HO)
Now handling font encoding PD1 ...
... no UTF-8 mapping file for font encoding PD1
) (C:\Users\chris\AppData\Local\Programs\MiKTeX\tex/generic/intcalc\intcalc.sty
Package: intcalc 2019/12/15 v1.3 Expandable calculations with integers (HO)
)
\Hy@SavedSpaceFactor=\count334
 (C:\Users\chris\AppData\Local\Programs\MiKTeX\tex/latex/hyperref\puenc.def
File: puenc.def 2025-07-12 v7.01o Hyperref: PDF Unicode definition (HO)
Now handling font encoding PU ...
... no UTF-8 mapping file for font encoding PU
)
Package hyperref Info: Option `colorlinks' set `true' on input line 4066.
Package hyperref Info: Hyper figures OFF on input line 4195.
Package hyperref Info: Link nesting OFF on input line 4200.
Package hyperref Info: Hyper index ON on input line 4203.
Package hyperref Info: Plain pages OFF on input line 4210.
Package hyperref Info: Backreferencing OFF on input line 4215.
Package hyperref Info: Implicit mode ON; LaTeX internals redefined.
Package hyperref Info: Bookmarks ON on input line 4462.
\c@Hy@tempcnt=\count335

(C:\Users\chris\AppData\Local\Programs\MiKTeX\tex/latex/url\url.sty
\Urlmuskip=\muskip18
Package: url 2013/09/16  ver 3.4  Verb mode for urls, etc.
)
LaTeX Info: Redefining \url on input line 4801.
\XeTeXLinkMargin=\dimen263

(C:\Users\chris\AppData\Local\Programs\MiKTeX\tex/generic/bitset\bitset.sty
Package: bitset 2019/12/09 v1.3 Handle bit-vector datatype (HO)

(C:\Users\chris\AppData\Local\Programs\MiKTeX\tex/generic/bigintcalc\bigintcalc
.sty
Package: bigintcalc 2019/12/15 v1.5 Expandable calculations on big integers (HO
)
))
\Fld@menulength=\count336
\Field@Width=\dimen264
\Fld@charsize=\dimen265
Package hyperref Info: Hyper figures OFF on input line 6078.
Package hyperref Info: Link nesting OFF on input line 6083.
Package hyperref Info: Hyper index ON on input line 6086.
Package hyperref Info: backreferencing OFF on input line 6093.
Package hyperref Info: Link coloring ON on input line 6096.
Package hyperref Info: Link coloring with OCG OFF on input line 6103.
Package hyperref Info: PDF/A mode OFF on input line 6108.


Package hyperref Warning: Option `pdfpagelabels' is turned off
(hyperref)                because \thepage is undefined.

\c@Item=\count337
\c@Hfootnote=\count338
)
Package hyperref Info: Driver: hpdftex.
 (C:\Users\chris\AppData\Local\Programs\MiKTeX\tex/latex/hyperref\hpdftex.def
File: hpdftex.def 2025-07-12 v7.01o Hyperref driver for pdfTeX
\Fld@listcount=\count339
\c@bookmark@seq@number=\count340

(C:\Users\chris\AppData\Local\Programs\MiKTeX\tex/latex/rerunfilecheck\rerunfil
echeck.sty
Package: rerunfilecheck 2025-06-21 v1.11 Rerun checks for auxiliary files (HO)

(C:\Users\chris\AppData\Local\Programs\MiKTeX\tex/generic/uniquecounter\uniquec
ounter.sty
Package: uniquecounter 2019/12/15 v1.4 Provide unlimited unique counter (HO)
)
Package uniquecounter Info: New unique counter `rerunfilecheck' on input line 2
84.
)
\Hy@SectionHShift=\skip82
)
(C:\Users\chris\AppData\Local\Programs\MiKTeX\tex/latex/bookmark\bookmark.sty
Package: bookmark 2023-12-10 v1.31 PDF bookmarks (HO)

(C:\Users\chris\AppData\Local\Programs\MiKTeX\tex/latex/bookmark\bkm-pdftex.def
File: bkm-pdftex.def 2023-12-10 v1.31 bookmark driver for pdfTeX and luaTeX (HO
)
\BKM@id=\count341
))
(C:\Users\chris\AppData\Local\Programs\MiKTeX\tex/latex/pdflscape\pdflscape.sty
Package: pdflscape 2022-10-27 v0.13 Display of landscape pages in PDF

(C:\Users\chris\AppData\Local\Programs\MiKTeX\tex/latex/pdflscape\pdflscape-nom
etadata.sty
Package: pdflscape-nometadata 2022-10-28 v0.13 Display of landscape pages in PD
F (HO)

(C:\Users\chris\AppData\Local\Programs\MiKTeX\tex/latex/graphics\lscape.sty
Package: lscape 2020/05/28 v3.02 Landscape Pages (DPC)

(C:\Users\chris\AppData\Local\Programs\MiKTeX\tex/latex/graphics\graphics.sty
Package: graphics 2024/08/06 v1.4g Standard LaTeX Graphics (DPC,SPQR)

(C:\Users\chris\AppData\Local\Programs\MiKTeX\tex/latex/graphics\trig.sty
Package: trig 2023/12/02 v1.11 sin cos tan (DPC)
)
(C:\Users\chris\AppData\Local\Programs\MiKTeX\tex/latex/graphics-cfg\graphics.c
fg
File: graphics.cfg 2016/06/04 v1.11 sample graphics configuration
)
Package graphics Info: Driver file: pdftex.def on input line 106.
))
Package pdflscape Info: Auto-detected driver: pdftex on input line 81.
))
(C:\Users\chris\AppData\Local\Programs\MiKTeX\tex/latex/pdfpages\pdfpages.sty
Package: pdfpages 2025/03/12 v0.6f Insert pages of external PDF documents (AM)

(C:\Users\chris\AppData\Local\Programs\MiKTeX\tex/latex/tools\calc.sty
Package: calc 2025/03/01 v4.3b Infix arithmetic (KKT,FJ)
\calc@Acount=\count342
\calc@Bcount=\count343
\calc@Adimen=\dimen266
\calc@Bdimen=\dimen267
\calc@Askip=\skip83
\calc@Bskip=\skip84
LaTeX Info: Redefining \setlength on input line 86.
LaTeX Info: Redefining \addtolength on input line 87.
\calc@Ccount=\count344
\calc@Cskip=\skip85
)
(C:\Users\chris\AppData\Local\Programs\MiKTeX\tex/latex/eso-pic\eso-pic.sty
Package: eso-pic 2023/05/03 v3.0c eso-pic (RN)
\ESO@tempdima=\dimen268
\ESO@tempdimb=\dimen269
)
(C:\Users\chris\AppData\Local\Programs\MiKTeX\tex/latex/graphics\graphicx.sty
Package: graphicx 2024/12/31 v1.2e Enhanced LaTeX Graphics (DPC,SPQR)
\Gin@req@height=\dimen270
\Gin@req@width=\dimen271
)
\AM@pagewidth=\dimen272
\AM@pageheight=\dimen273
\AM@fboxrule=\dimen274

(C:\Users\chris\AppData\Local\Programs\MiKTeX\tex/latex/pdfpages\pppdftex.def
File: pppdftex.def 2025/03/12 v0.6f Pdfpages driver for pdfTeX (AM)
)
\pdfpages@includegraphics@status=\count345
\AM@pagebox=\box108
\AM@global@opts=\toks35
\AM@pagecnt=\count346
\AM@toc@title=\toks36
\AM@lof@heading=\toks37
\c@AM@survey=\count347
\AM@templatesizebox=\box109
) (C:\Users\chris\AppData\Local\Programs\MiKTeX\tex/latex/base\makeidx.sty
Package: makeidx 2021/10/04 v1.0m Standard LaTeX package
)
(C:\Users\chris\AppData\Local\Programs\MiKTeX\tex/latex/nomencl\nomencl.sty
Package: nomencl 2021/11/10 v5.6 Nomenclature package

(C:\Users\chris\AppData\Local\Programs\MiKTeX\tex/latex/koma-script\tocbasic.st
y
Package: tocbasic 2025/06/04 v3.45 KOMA-Script package (handling toc-files)

(C:\Users\chris\AppData\Local\Programs\MiKTeX\tex/latex/koma-script\scrbase.sty
Package: scrbase 2025/06/04 v3.45 KOMA-Script package (KOMA-Script-independent 
basics and keyval usage)

(C:\Users\chris\AppData\Local\Programs\MiKTeX\tex/latex/koma-script\scrlfile.st
y
Package: scrlfile 2025/06/04 v3.45 KOMA-Script package (file load hooks)

(C:\Users\chris\AppData\Local\Programs\MiKTeX\tex/latex/koma-script\scrlfile-ho
ok.sty
Package: scrlfile-hook 2025/06/04 v3.45 KOMA-Script package (using LaTeX hooks)


(C:\Users\chris\AppData\Local\Programs\MiKTeX\tex/latex/koma-script\scrlogo.sty
Package: scrlogo 2025/06/04 v3.45 KOMA-Script package (logo)
)))
Applying: [2021/05/01] Usage of raw or classic option list on input line 254.
Already applied: [0000/00/00] Usage of raw or classic option list on input line
 370.
)
\scr@dte@tocline@numberwidth=\skip86
\scr@dte@tocline@numbox=\box110
)
Package tocbasic Info: setting babel extension for `nlo' on input line 187.
Package tocbasic Info: setting babel extension for `nls' on input line 188.
\nomlabelwidth=\dimen275
\nom@tempdim=\dimen276
\nomitemsep=\skip87
)
(C:\Users\chris\AppData\Local\Programs\MiKTeX\tex/latex/siunitx\siunitx.sty
Package: siunitx 2025-07-09 v3.4.14 A comprehensive (SI) units package
\l__siunitx_number_uncert_offset_int=\count348
\l__siunitx_number_exponent_fixed_int=\count349
\l__siunitx_number_min_decimal_int=\count350
\l__siunitx_number_min_integer_int=\count351
\l__siunitx_number_round_precision_int=\count352
\l__siunitx_number_lower_threshold_int=\count353
\l__siunitx_number_upper_threshold_int=\count354
\l__siunitx_number_group_first_int=\count355
\l__siunitx_number_group_size_int=\count356
\l__siunitx_number_group_minimum_int=\count357
\l__siunitx_angle_tmp_dim=\dimen277
\l__siunitx_angle_marker_box=\box111
\l__siunitx_angle_unit_box=\box112
\l__siunitx_compound_count_int=\count358

(C:\Users\chris\AppData\Local\Programs\MiKTeX\tex/latex/translations\translatio
ns.sty
Package: translations 2022/02/05 v1.12 internationalization of LaTeX2e packages
 (CN)
)
\l__siunitx_table_tmp_box=\box113
\l__siunitx_table_tmp_dim=\dimen278
\l__siunitx_table_column_width_dim=\dimen279
\l__siunitx_table_integer_box=\box114
\l__siunitx_table_decimal_box=\box115
\l__siunitx_table_uncert_box=\box116
\l__siunitx_table_before_box=\box117
\l__siunitx_table_after_box=\box118
\l__siunitx_table_before_dim=\dimen280
\l__siunitx_table_carry_dim=\dimen281
\l__siunitx_unit_tmp_int=\count359
\l__siunitx_unit_position_int=\count360
\l__siunitx_unit_total_int=\count361
 (C:\Users\chris\AppData\Local\Programs\MiKTeX\tex/latex/tools\array.sty
Package: array 2025/06/08 v2.6j Tabular extension package (FMi)
\col@sep=\dimen282
\ar@mcellbox=\box119
\extrarowheight=\dimen283
\NC@list=\toks38
\extratabsurround=\skip88
\backup@length=\skip89
\ar@cellbox=\box120
)) (C:\Users\chris\AppData\Local\Programs\MiKTeX\tex/latex/tools\afterpage.sty
Package: afterpage 2023/07/04 v1.08 After-Page Package (DPC)
\AP@output=\toks39
\AP@partial=\box121
\AP@footins=\box122
) (C:\Users\chris\AppData\Local\Programs\MiKTeX\tex/latex/colortbl\colortbl.sty
Package: colortbl 2024/10/29 v1.0k Color table columns (DPC)
\everycr=\toks40
\minrowclearance=\skip90
\rownum=\count362
) (C:\Users\chris\AppData\Local\Programs\MiKTeX\tex/latex/float\float.sty
Package: float 2001/11/08 v1.3d Float enhancements (AL)
\c@float@type=\count363
\float@exts=\toks41
\float@box=\box123
\@float@everytoks=\toks42
\@floatcapt=\box124
)
(C:\Users\chris\AppData\Local\Programs\MiKTeX\tex/latex/tools\longtable.sty
Package: longtable 2024-12-18 v4.23 Multi-page Table package (DPC)
\LTleft=\skip91
\LTright=\skip92
\LTpre=\skip93
\LTpost=\skip94
\LTchunksize=\count364
\LTcapwidth=\dimen284
\LT@head=\box125
\LT@firsthead=\box126
\LT@foot=\box127
\LT@lastfoot=\box128
\LT@gbox=\box129
\LT@cols=\count365
\LT@rows=\count366
\c@LT@tables=\count367
\c@LT@chunks=\count368
\LT@p@ftn=\toks43
)
(C:\Users\chris\AppData\Local\Programs\MiKTeX\tex/latex/multirow\multirow.sty
Package: multirow 2024/11/12 v2.9 Span multiple rows of a table
\multirow@colwidth=\skip95
\multirow@cntb=\count369
\multirow@dima=\skip96
\bigstrutjot=\dimen285
)
(C:\Users\chris\AppData\Local\Programs\MiKTeX\tex/latex/graphics\rotating.sty
Package: rotating 2025/01/14 v2.16e rotated objects in LaTeX
\c@r@tfl@t=\count370
\rotFPtop=\skip97
\rotFPbot=\skip98
\rot@float@box=\box130
\rot@mess@toks=\toks44
)
(C:\Users\chris\AppData\Local\Programs\MiKTeX\tex/latex/subfigure\subfigure.sty
Package: subfigure 2002/07/30 v2.1.4 subfigure package
\subfigtopskip=\skip99
\subfigcapskip=\skip100
\subfigcaptopadj=\dimen286
\subfigbottomskip=\skip101
\subfigcapmargin=\dimen287
\subfiglabelskip=\skip102
\c@subfigure=\count371
\c@lofdepth=\count372
\c@subtable=\count373
\c@lotdepth=\count374
****************************************
* Local config file subfigure.cfg used *
****************************************

(C:\Users\chris\AppData\Local\Programs\MiKTeX\tex/latex/subfigure\subfigure.cfg
)
\subfig@top=\skip103
\subfig@bottom=\skip104
)
\@indexfile=\write4
\openout4 = `Principal.idx'.


Writing index file Principal.idx
\c@reconocimientos=\count375
\c@teorema=\count376
\c@definicion=\count377
\c@ejemplo=\count378
\c@axioma=\count379
\c@caso=\count380
\c@creditos=\count381
\c@algoritmo=\count382
\c@conclusion=\count383
\c@observacion=\count384
\c@condicion=\count385
\c@conjectura=\count386
\c@corolario=\count387
\c@criterio=\count388
\c@ejercicio=\count389
\c@lema=\count390
\c@metodo=\count391
\c@notacion=\count392
\c@problema=\count393
\c@proposicion=\count394
\c@comentario=\count395
\c@solucion=\count396
\c@resumen=\count397
\@nomenclaturefile=\write5
\openout5 = `Principal.nlo'.

Package nomencl Info: Writing nomenclature file Principal.nlo on input line 439
.
) (Principal.aux
LaTeX Info: Redefining \. on input line 13.
LaTeX Info: Redefining \% on input line 13.
Package babel Info: 'spanish' activates 'spanish' shorthands.
(babel)             Reported  on input line 13.
 (preliminares/resumen.aux) (preliminares/abstract.aux)
(preliminares/nomenclatura.aux) (preliminares/introduccion.aux)
(capitulos/marcoreferencia.aux) (apendices/anexo1.aux) (apendices/anexo2.aux)
(capitulos/conclusiones.aux))
\openout1 = `Principal.aux'.

LaTeX Font Info:    Checking defaults for OML/cmm/m/it on input line 107.
LaTeX Font Info:    ... okay on input line 107.
LaTeX Font Info:    Checking defaults for OMS/cmsy/m/n on input line 107.
LaTeX Font Info:    ... okay on input line 107.
LaTeX Font Info:    Checking defaults for OT1/cmr/m/n on input line 107.
LaTeX Font Info:    ... okay on input line 107.
LaTeX Font Info:    Checking defaults for T1/cmr/m/n on input line 107.
LaTeX Font Info:    ... okay on input line 107.
LaTeX Font Info:    Checking defaults for TS1/cmr/m/n on input line 107.
LaTeX Font Info:    ... okay on input line 107.
LaTeX Font Info:    Checking defaults for OMX/cmex/m/n on input line 107.
LaTeX Font Info:    ... okay on input line 107.
LaTeX Font Info:    Checking defaults for U/cmr/m/n on input line 107.
LaTeX Font Info:    ... okay on input line 107.
LaTeX Font Info:    Checking defaults for LY1/ptm/m/n on input line 107.
LaTeX Font Info:    Trying to load font information for LY1+ptm on input line 1
07.

(C:\Users\chris\AppData\Local\Programs\MiKTeX\tex/latex/ly1\ly1ptm.fd
File: ly1ptm.fd 2001/02/01 font definitions for LY1/ptm using Berry names.
)
LaTeX Font Info:    ... okay on input line 107.
LaTeX Font Info:    Checking defaults for PD1/pdf/m/n on input line 107.
LaTeX Font Info:    ... okay on input line 107.
LaTeX Font Info:    Checking defaults for PU/pdf/m/n on input line 107.
LaTeX Font Info:    ... okay on input line 107.
LaTeX Info: Redefining \. on input line 107.
LaTeX Info: Redefining \% on input line 107.
\c@lstlisting=\count398
Package tocbasic Info: setting babel extension for `lol' on input line 107.
\c@mv@tabular=\count399
\c@mv@boldtabular=\count400

(C:\Users\chris\AppData\Local\Programs\MiKTeX\tex/context/base/mkii\supp-pdf.mk
ii
[Loading MPS to PDF converter (version 2006.09.02).]
\scratchcounter=\count401
\scratchdimen=\dimen288
\scratchbox=\box131
\nofMPsegments=\count402
\nofMParguments=\count403
\everyMPshowfont=\toks45
\MPscratchCnt=\count404
\MPscratchDim=\dimen289
\MPnumerator=\count405
\makeMPintoPDFobject=\count406
\everyMPtoPDFconversion=\toks46
)
(C:\Users\chris\AppData\Local\Programs\MiKTeX\tex/latex/epstopdf-pkg\epstopdf-b
ase.sty
Package: epstopdf-base 2020-01-24 v2.11 Base part for package epstopdf
Package epstopdf-base Info: Redefining graphics rule for `.eps' on input line 4
85.

(C:\Users\chris\AppData\Local\Programs\MiKTeX\tex/latex/00miktex\epstopdf-sys.c
fg
File: epstopdf-sys.cfg 2021/03/18 v2.0 Configuration of epstopdf for MiKTeX
))
*geometry* driver: auto-detecting
*geometry* detected driver: pdftex
*geometry* verbose mode - [ preamble ] result:
* driver: pdftex
* paper: letterpaper
* layout: <same size as paper>
* layoutoffset:(h,v)=(0.0pt,0.0pt)
* modes: twoside 
* h-part:(L,W,R)=(73.71613pt, 430.00462pt, 110.57425pt)
* v-part:(T,H,B)=(95.39737pt, 556.47656pt, 143.09605pt)
* \paperwidth=614.295pt
* \paperheight=794.96999pt
* \textwidth=483.69684pt
* \textheight=654.41338pt
* \oddsidemargin=56.9055pt
* \evensidemargin=38.30426pt
* \topmargin=0.0pt
* \headheight=0.0pt
* \headsep=0.0pt
* \topskip=11.0pt
* \footskip=0.0pt
* \marginparwidth=0.0pt
* \marginparsep=7.0pt
* \columnsep=0.0pt
* \skip\footins=20.0pt plus 4.0pt minus 4.0pt
* \hoffset=0.0pt
* \voffset=-56.9055pt
* \mag=1000
* \@twocolumnfalse
* \@twosidetrue
* \@mparswitchtrue
* \@reversemarginfalse
* (1in=72.27pt=25.4mm, 1cm=28.453pt)

Package hyperref Info: Link coloring ON on input line 107.

(C:\Users\chris\AppData\Local\Programs\MiKTeX\tex/latex/translations/dicts\tran
slations-basic-dictionary-spanish.trsl
File: translations-basic-dictionary-spanish.trsl (spanish translation file `tra
nslations-basic-dictionary')
)
Package translations Info: loading dictionary `translations-basic-dictionary' f
or `spanish'. on input line 107.
<logos/LOGOPOLI.png, id=3, 525.965pt x 778.91pt>
File: logos/LOGOPOLI.png Graphic file (type png)
<use logos/LOGOPOLI.png>
Package pdftex.def Info: logos/LOGOPOLI.png  used on input line 113.
(pdftex.def)             Requested size: 36.98866pt x 54.76697pt.


pdfTeX warning: miktex-pdftex.exe (file ./logos/logoesime.pdf): PDF inclusion: 
found PDF version <1.7>, but at most version <1.5> allowed
<logos/logoesime.pdf, id=5, 845.1575pt x 597.23125pt>
File: logos/logoesime.pdf Graphic file (type pdf)
<use logos/logoesime.pdf>
Package pdftex.def Info: logos/logoesime.pdf  used on input line 113.
(pdftex.def)             Requested size: 71.13188pt x 50.25821pt.

Overfull \hbox (11.38094pt too wide) in paragraph at lines 113--113
 [] 
 []

LaTeX Font Info:    Trying to load font information for U+msa on input line 113
.
(C:\Users\chris\AppData\Local\Programs\MiKTeX\tex/latex/amsfonts\umsa.fd
File: umsa.fd 2013/01/14 v3.01 AMS symbols A
)
LaTeX Font Info:    Trying to load font information for U+msb on input line 113
.

(C:\Users\chris\AppData\Local\Programs\MiKTeX\tex/latex/amsfonts\umsb.fd
File: umsb.fd 2013/01/14 v3.01 AMS symbols B
)
LaTeX Font Info:    Trying to load font information for U+rsfs on input line 11
3.

(C:\Users\chris\AppData\Local\Programs\MiKTeX\tex/latex/jknappen\ursfs.fd
File: ursfs.fd 1998/03/24 rsfs font definition file (jk)
)
LaTeX Font Info:    Trying to load font information for T1+Montserrat-TLF on in
put line 113.

(C:\Users\chris\AppData\Local\Programs\MiKTeX\tex/latex/montserrat\t1montserrat
-tlf.fd
File: T1Montserrat-TLF.fd 2019/11/07 (autoinst) Font definitions for T1/Montser
rat-TLF.
)

LaTeX Font Warning: Font shape `T1/Montserrat-TLF/sbx/n' undefined
(Font)              using `T1/Montserrat-TLF/bx/n' instead on input line 113.

LaTeX Font Info:    Font shape `T1/Montserrat-TLF/bx/n' in size <20.74> not ava
ilable
(Font)              Font shape `T1/Montserrat-TLF/b/n' tried instead on input l
ine 113.
LaTeX Font Info:    Font shape `T1/Montserrat-TLF/b/n' aliased to
(Font)              `T1/Montserrat-TLF/bold/n' on input line 113.
LaTeX Font Info:    Font shape `T1/Montserrat-TLF/bold/n' will be
(Font)              scaled to size 20.74pt on input line 113.

LaTeX Font Warning: Font shape `T1/Montserrat-TLF/sbx/n' undefined
(Font)              using `T1/Montserrat-TLF/bx/n' instead on input line 113.

LaTeX Font Info:    Font shape `T1/Montserrat-TLF/bx/n' in size <14.4> not avai
lable
(Font)              Font shape `T1/Montserrat-TLF/b/n' tried instead on input l
ine 113.
LaTeX Font Info:    Font shape `T1/Montserrat-TLF/b/n' aliased to
(Font)              `T1/Montserrat-TLF/bold/n' on input line 113.
LaTeX Font Info:    Font shape `T1/Montserrat-TLF/bold/n' will be
(Font)              scaled to size 14.4pt on input line 113.

Underfull \vbox (badness 10000) has occurred while \output is active []



[1

{C:/Users/chris/AppData/Local/MiKTeX/fonts/map/pdftex/pdftex.map}{C:/Users/chri
s/AppData/Local/Programs/MiKTeX/fonts/enc/dvips/montserrat/zmo_bapnwu.enc} <./l
ogos/LOGOPOLI.png> <./logos/logoesime.pdf>]
File: logos/LOGOPOLI.png Graphic file (type png)
<use logos/LOGOPOLI.png>
Package pdftex.def Info: logos/LOGOPOLI.png  used on input line 114.
(pdftex.def)             Requested size: 36.98866pt x 54.76697pt.
File: logos/logoesime.pdf Graphic file (type pdf)
<use logos/logoesime.pdf>
Package pdftex.def Info: logos/logoesime.pdf  used on input line 114.
(pdftex.def)             Requested size: 71.13188pt x 50.25821pt.

Overfull \hbox (11.38094pt too wide) in paragraph at lines 114--114
 [] 
 []


LaTeX Font Warning: Font shape `T1/Montserrat-TLF/sbx/n' undefined
(Font)              using `T1/Montserrat-TLF/bx/n' instead on input line 114.


LaTeX Font Warning: Font shape `T1/Montserrat-TLF/sbx/n' undefined
(Font)              using `T1/Montserrat-TLF/bx/n' instead on input line 114.


Underfull \vbox (badness 10000) has occurred while \output is active []




pdfTeX warning (ext4): destination with the same identifier (name{page.i}) has 
been already used, duplicate ignored
<to be read again> 
                   \relax 
l.114 \acta
                                %% Portada con firmas [1

]
Overfull \vbox (63.41948pt too high) has occurred while \output is active []



[2]
*geometry* verbose mode - [ newgeometry ] result:
* driver: pdftex
* paper: letterpaper
* layout: <same size as paper>
* layoutoffset:(h,v)=(0.0pt,0.0pt)
* bindingoffset: 28.45274pt
* modes: includehead includefoot twoside 
* h-part:(L,W,R)=(56.9055pt, 443.57849pt, 85.35826pt)
* v-part:(T,H,B)=(42.67912pt, 682.8661pt, 69.42476pt)
* \paperwidth=614.295pt
* \paperheight=794.96999pt
* \textwidth=443.57849pt
* \textheight=569.05511pt
* \oddsidemargin=13.08826pt
* \evensidemargin=13.08827pt
* \topmargin=-29.59087pt
* \headheight=42.67912pt
* \headsep=28.45274pt
* \topskip=11.0pt
* \footskip=42.67912pt
* \marginparwidth=2.84544pt
* \marginparsep=2.84544pt
* \columnsep=0.0pt
* \skip\footins=20.0pt plus 4.0pt minus 4.0pt
* \hoffset=0.0pt
* \voffset=0.0pt
* \mag=1000
* \@twocolumnfalse
* \@twosidetrue
* \@mparswitchtrue
* \@reversemarginfalse
* (1in=72.27pt=25.4mm, 1cm=28.453pt)




pdfTeX warning (ext4): destination with the same identifier (name{page.i}) has 
been already used, duplicate ignored
<to be read again> 
                   \relax 
l.115 \dedicatoria
                                %%%modificar archivo dedica.tex [1



]
LaTeX Font Info:    Trying to load font information for T1+Montserrat-LF on inp
ut line 115.

(C:\Users\chris\AppData\Local\Programs\MiKTeX\tex/latex/montserrat\t1montserrat
-lf.fd
File: T1Montserrat-LF.fd 2019/11/07 (autoinst) Font definitions for T1/Montserr
at-LF.
)
LaTeX Font Info:    Font shape `T1/Montserrat-LF/bold/n' will be
(Font)              scaled to size 20.74pt on input line 115.
 (preliminares/dedicatoria.tex)


pdfTeX warning (ext4): destination with the same identifier (name{page.ii}) has
 been already used, duplicate ignored
<to be read again> 
                   \relax 
l.115 \dedicatoria
                                %%%modificar archivo dedica.tex [2

{C:/Users/chris/AppData/Local/Programs/MiKTeX/fonts/enc/dvips/montserrat/zmo_um
rhwx.enc}]


pdfTeX warning (ext4): destination with the same identifier (name{page.i}) has 
been already used, duplicate ignored
<to be read again> 
                   \relax 
l.116 \agradecimientos
                                %%%modificar archivo agradece.tex [1



]
(preliminares/agradecimientos.tex)

[7

]

[8

]
LaTeX Font Info:    Font shape `T1/Montserrat-LF/regular/n' will be
(Font)              scaled to size 14.4pt on input line 117.
 (Principal.toc
LaTeX Info: Redefining \. on input line 1.
LaTeX Info: Redefining \% on input line 1.


[9


]

LaTeX Font Info:    Font shape `T1/Montserrat-LF/regular/n' will be
(Font)              scaled to size 8.0pt on input line 42.
LaTeX Info: Redefining \. on input line 42.
LaTeX Info: Redefining \% on input line 42.
Package babel Info: 'spanish' activates 'spanish' shorthands.
(babel)             Reported  on input line 42.
LaTeX Font Info:    Trying to load font information for U+futs on input line 42
.
(C:\Users\chris\AppData\Local\Programs\MiKTeX\tex/latex/fourier\ufuts.fd
File: ufuts.fd 2024/07/22 Fontinst v1.933 font definitions for U/futs.
)
[10])
\tf@toc=\write6
\openout6 = `Principal.toc'.



LaTeX Info: Redefining \. on input line 118.
LaTeX Info: Redefining \% on input line 118.
[11]
\openout2 = `preliminares/resumen.aux'.

 (preliminares/resumen.tex

[12


]
Underfull \hbox (badness 10000) in paragraph at lines 12--13

 []



[13

])

LaTeX Info: Redefining \. on input line 118.
LaTeX Info: Redefining \% on input line 118.
[14]
\openout2 = `preliminares/abstract.aux'.

 (preliminares/abstract.tex
Underfull \hbox (badness 10000) in paragraph at lines 12--13

 []

)
Underfull \vbox (badness 1515) has occurred while \output is active []



[15





]

LaTeX Info: Redefining \. on input line 119.
LaTeX Info: Redefining \% on input line 119.
[16] (Principal.lof
LaTeX Info: Redefining \. on input line 1.
LaTeX Info: Redefining \% on input line 1.


[17




])
\tf@lof=\write7
\openout7 = `Principal.lof'.



LaTeX Info: Redefining \. on input line 120.
LaTeX Info: Redefining \% on input line 120.
[18] (Principal.lof)
\tf@lof=\write8
\openout8 = `Principal.lof'.



[19



]
\openout2 = `preliminares/nomenclatura.aux'.

 (preliminares/nomenclatura.tex

[20


]
No file Principal.nls.
)
\openout2 = `preliminares/introduccion.aux'.

 (preliminares/introduccion.tex
Underfull \hbox (badness 10000) in paragraph at lines 4--11

 []


Underfull \vbox (badness 5105) has occurred while \output is active []



[1







]
Underfull \vbox (badness 10000) has occurred while \output is active []



LaTeX Info: Redefining \. on input line 15.
LaTeX Info: Redefining \% on input line 15.
[2]

LaTeX Info: Redefining \. on input line 15.
LaTeX Info: Redefining \% on input line 15.
[3]

LaTeX Info: Redefining \. on input line 22.
LaTeX Info: Redefining \% on input line 22.
[4]
Underfull \hbox (badness 10000) in paragraph at lines 26--28

 []



LaTeX Info: Redefining \. on input line 39.
LaTeX Info: Redefining \% on input line 39.
[5])

LaTeX Info: Redefining \. on input line 132.
LaTeX Info: Redefining \% on input line 132.
[6]
\openout2 = `capitulos/marcoreferencia.aux'.

 (capitulos/marcoreferencia.tex
Cap\'{\i }tulo 1.
LaTeX Font Info:    Font shape `T1/Montserrat-LF/regular/n' will be
(Font)              scaled to size 24.88pt on input line 1.


[7





]

LaTeX Info: Redefining \. on input line 28.
LaTeX Info: Redefining \% on input line 28.
[8]

LaTeX Info: Redefining \. on input line 55.
LaTeX Info: Redefining \% on input line 55.
[9]

LaTeX Info: Redefining \. on input line 64.
LaTeX Info: Redefining \% on input line 64.
[10]
Cap\'{\i }tulo 2.


[11


]

LaTeX Info: Redefining \. on input line 78.
LaTeX Info: Redefining \% on input line 78.
[12]

LaTeX Info: Redefining \. on input line 93.
LaTeX Info: Redefining \% on input line 93.
[13]

LaTeX Info: Redefining \. on input line 107.
LaTeX Info: Redefining \% on input line 107.
[14]

LaTeX Info: Redefining \. on input line 119.
LaTeX Info: Redefining \% on input line 119.
[15]
<imagenes/img1.jpg, id=318, 666.23906pt x 594.72188pt>
File: imagenes/img1.jpg Graphic file (type jpg)
<use imagenes/img1.jpg>
Package pdftex.def Info: imagenes/img1.jpg  used on input line 125.
(pdftex.def)             Requested size: 221.78093pt x 170.7135pt.
<imagenes/img2.jpg, id=320, 844.65562pt x 437.38406pt>
File: imagenes/img2.jpg Graphic file (type jpg)
<use imagenes/img2.jpg>
Package pdftex.def Info: imagenes/img2.jpg  used on input line 134.
(pdftex.def)             Requested size: 354.86894pt x 170.71924pt.

Underfull \vbox (badness 3482) has occurred while \output is active []



LaTeX Info: Redefining \. on input line 138.
LaTeX Info: Redefining \% on input line 138.
[16
pdfTeX warning (ext4): destination with the same identifier (name{figure.2.1}) 
has been already used, duplicate ignored
<argument> ...shipout:D \box_use:N \l_shipout_box 
                                                  \__shipout_drop_firstpage_...
l.138 
       <./imagenes/img1.jpg>]

LaTeX Info: Redefining \. on input line 145.
LaTeX Info: Redefining \% on input line 145.
[17
pdfTeX warning (ext4): destination with the same identifier (name{figure.2.2}) 
has been already used, duplicate ignored
<argument> ...shipout:D \box_use:N \l_shipout_box 
                                                  \__shipout_drop_firstpage_...
l.145 
       <./imagenes/img2.jpg>]

LaTeX Info: Redefining \. on input line 163.
LaTeX Info: Redefining \% on input line 163.
[18]
<imagenes/img3.jpg, id=336, 1003.75pt x 676.5275pt>
File: imagenes/img3.jpg Graphic file (type jpg)
<use imagenes/img3.jpg>
Package pdftex.def Info: imagenes/img3.jpg  used on input line 188.
(pdftex.def)             Requested size: 443.58118pt x 369.89247pt.


LaTeX Warning: `!h' float specifier changed to `!ht'.



LaTeX Info: Redefining \. on input line 196.
LaTeX Info: Redefining \% on input line 196.
[19]

LaTeX Info: Redefining \. on input line 196.
LaTeX Info: Redefining \% on input line 196.
[20
pdfTeX warning (ext4): destination with the same identifier (name{figure.2.3}) 
has been already used, duplicate ignored
<argument> ...shipout:D \box_use:N \l_shipout_box 
                                                  \__shipout_drop_firstpage_...
l.196 \chapter
              {Diseño de Plataforma para Transmisión Serial de Datos} <./imag
enes/img3.jpg>]
Cap\'{\i }tulo 3.


[21


]

LaTeX Info: Redefining \. on input line 215.
LaTeX Info: Redefining \% on input line 215.
[22]

LaTeX Info: Redefining \. on input line 235.
LaTeX Info: Redefining \% on input line 235.
[23]
<imagenes/img4.jpg, id=363, 621.82312pt x 361.35pt>
File: imagenes/img4.jpg Graphic file (type jpg)
<use imagenes/img4.jpg>
Package pdftex.def Info: imagenes/img4.jpg  used on input line 238.
(pdftex.def)             Requested size: 443.58492pt x 227.62413pt.


LaTeX Info: Redefining \. on input line 247.
LaTeX Info: Redefining \% on input line 247.
[24
pdfTeX warning (ext4): destination with the same identifier (name{figure.3.1}) 
has been already used, duplicate ignored
<argument> ...shipout:D \box_use:N \l_shipout_box 
                                                  \__shipout_drop_firstpage_...
l.247 \clearpage
                 <./imagenes/img4.jpg>]
<imagenes/img5.jpg, id=369, 723.20187pt x 125.46875pt>
File: imagenes/img5.jpg Graphic file (type jpg)
<use imagenes/img5.jpg>
Package pdftex.def Info: imagenes/img5.jpg  used on input line 251.
(pdftex.def)             Requested size: 354.86859pt x 85.36163pt.


LaTeX Info: Redefining \. on input line 263.
LaTeX Info: Redefining \% on input line 263.
[25


pdfTeX warning (ext4): destination with the same identifier (name{figure.3.2}) 
has been already used, duplicate ignored
<argument> ...shipout:D \box_use:N \l_shipout_box 
                                                  \__shipout_drop_firstpage_...
l.263 
       <./imagenes/img5.jpg>]
<imagenes/img6.jpg, id=375, 889.82437pt x 438.13687pt>
File: imagenes/img6.jpg Graphic file (type jpg)
<use imagenes/img6.jpg>
Package pdftex.def Info: imagenes/img6.jpg  used on input line 268.
(pdftex.def)             Requested size: 399.20886pt x 227.62523pt.


LaTeX Info: Redefining \. on input line 275.
LaTeX Info: Redefining \% on input line 275.
[26
pdfTeX warning (ext4): destination with the same identifier (name{figure.3.3}) 
has been already used, duplicate ignored
<argument> ...shipout:D \box_use:N \l_shipout_box 
                                                  \__shipout_drop_firstpage_...
l.275 C
       on este diseño se logra verificar el funcionamiento general de la pl...
 <./imagenes/img6.jpg>]
<imagenes/img7.jpg, id=381, 600.74437pt x 315.1775pt>
File: imagenes/img7.jpg Graphic file (type jpg)
<use imagenes/img7.jpg>
Package pdftex.def Info: imagenes/img7.jpg  used on input line 285.
(pdftex.def)             Requested size: 443.59055pt x 227.62495pt.


LaTeX Warning: `!h' float specifier changed to `!ht'.



LaTeX Info: Redefining \. on input line 292.
LaTeX Info: Redefining \% on input line 292.
[27]

LaTeX Info: Redefining \. on input line 292.
LaTeX Info: Redefining \% on input line 292.
[28
pdfTeX warning (ext4): destination with the same identifier (name{figure.3.4}) 
has been already used, duplicate ignored
<argument> ...shipout:D \box_use:N \l_shipout_box 
                                                  \__shipout_drop_firstpage_...
l.292 \clearpage
                 <./imagenes/img7.jpg>]
LaTeX Font Info:    Font shape `T1/Montserrat-LF/regular/n' will be
(Font)              scaled to size 12.0pt on input line 300.


LaTeX Info: Redefining \. on input line 303.
LaTeX Info: Redefining \% on input line 303.
[29

]
<imagenes/img8.jpg, id=397, 438.63875pt x 34.62938pt>
File: imagenes/img8.jpg Graphic file (type jpg)
<use imagenes/img8.jpg>
Package pdftex.def Info: imagenes/img8.jpg  used on input line 314.
(pdftex.def)             Requested size: 354.87376pt x 42.67944pt.


LaTeX Info: Redefining \. on input line 320.
LaTeX Info: Redefining \% on input line 320.
[30
pdfTeX warning (ext4): destination with the same identifier (name{figure.3.5}) 
has been already used, duplicate ignored
<argument> ...shipout:D \box_use:N \l_shipout_box 
                                                  \__shipout_drop_firstpage_...
l.320 
       <./imagenes/img8.jpg>]
<imagenes/img9.jpg, id=403, 328.72812pt x 71.26625pt>
File: imagenes/img9.jpg Graphic file (type jpg)
<use imagenes/img9.jpg>
Package pdftex.def Info: imagenes/img9.jpg  used on input line 323.
(pdftex.def)             Requested size: 310.50926pt x 51.21486pt.
<imagenes/img10.jpg, id=405, 487.8225pt x 51.19125pt>
File: imagenes/img10.jpg Graphic file (type jpg)
<use imagenes/img10.jpg>
Package pdftex.def Info: imagenes/img10.jpg  used on input line 339.
(pdftex.def)             Requested size: 399.22058pt x 42.68164pt.


LaTeX Warning: `!h' float specifier changed to `!ht'.



LaTeX Info: Redefining \. on input line 345.
LaTeX Info: Redefining \% on input line 345.
[31
pdfTeX warning (ext4): destination with the same identifier (name{figure.3.6}) 
has been already used, duplicate ignored
<argument> ...shipout:D \box_use:N \l_shipout_box 
                                                  \__shipout_drop_firstpage_...
l.345 
       <./imagenes/img9.jpg>]
<imagenes/img11.jpg, id=411, 510.40688pt x 36.135pt>
File: imagenes/img11.jpg Graphic file (type jpg)
<use imagenes/img11.jpg>
Package pdftex.def Info: imagenes/img11.jpg  used on input line 348.
(pdftex.def)             Requested size: 354.88362pt x 39.83571pt.
<imagenes/img12.jpg, id=413, 448.17438pt x 61.73062pt>
File: imagenes/img12.jpg Graphic file (type jpg)
<use imagenes/img12.jpg>
Package pdftex.def Info: imagenes/img12.jpg  used on input line 361.
(pdftex.def)             Requested size: 354.8745pt x 39.83618pt.


LaTeX Info: Redefining \. on input line 370.
LaTeX Info: Redefining \% on input line 370.
[32
pdfTeX warning (ext4): destination with the same identifier (name{figure.3.7}) 
has been already used, duplicate ignored
<argument> ...shipout:D \box_use:N \l_shipout_box 
                                                  \__shipout_drop_firstpage_...
l.370 
      
pdfTeX warning (ext4): destination with the same identifier (name{figure.3.8}) 
has been already used, duplicate ignored
<argument> ...shipout:D \box_use:N \l_shipout_box 
                                                  \__shipout_drop_firstpage_...
l.370 
      
pdfTeX warning (ext4): destination with the same identifier (name{figure.3.9}) 
has been already used, duplicate ignored
<argument> ...shipout:D \box_use:N \l_shipout_box 
                                                  \__shipout_drop_firstpage_...
l.370 
       <./imagenes/img10.jpg> <./imagenes/img11.jpg> <./imagenes/img12.jpg>]
<imagenes/img20.jpg, id=419, 807.51688pt x 170.6375pt>
File: imagenes/img20.jpg Graphic file (type jpg)
<use imagenes/img20.jpg>
Package pdftex.def Info: imagenes/img20.jpg  used on input line 376.
(pdftex.def)             Requested size: 443.58118pt x 142.27219pt.


LaTeX Info: Redefining \. on input line 380.
LaTeX Info: Redefining \% on input line 380.
[33
pdfTeX warning (ext4): destination with the same identifier (name{figure.3.10})
 has been already used, duplicate ignored
<argument> ...shipout:D \box_use:N \l_shipout_box 
                                                  \__shipout_drop_firstpage_...
l.380 \clearpage
                 <./imagenes/img20.jpg>]
Overfull \hbox (1.40038pt too wide) in paragraph at lines 382--382
|[]\T1/Montserrat-LF/regular/n/12 Configuracin de las In-ter-fa-ces Se-ria-les
 con las Tar-je-ta-sAl-te-ra DE2^^U115
 []

<imagenes/img14.jpg, id=425, 675.52374pt x 452.69125pt>
File: imagenes/img14.jpg Graphic file (type jpg)
<use imagenes/img14.jpg>
Package pdftex.def Info: imagenes/img14.jpg  used on input line 388.
(pdftex.def)             Requested size: 443.58968pt x 284.52696pt.


LaTeX Info: Redefining \. on input line 392.
LaTeX Info: Redefining \% on input line 392.
[34


pdfTeX warning (ext4): destination with the same identifier (name{figure.3.11})
 has been already used, duplicate ignored
<argument> ...shipout:D \box_use:N \l_shipout_box 
                                                  \__shipout_drop_firstpage_...
l.392 \clearpage
                 <./imagenes/img14.jpg>]
<imagenes/img13.jpg, id=431, 403.5075pt x 537.50812pt>
File: imagenes/img13.jpg Graphic file (type jpg)
<use imagenes/img13.jpg>
Package pdftex.def Info: imagenes/img13.jpg  used on input line 397.
(pdftex.def)             Requested size: 443.58255pt x 284.52527pt.


LaTeX Info: Redefining \. on input line 403.
LaTeX Info: Redefining \% on input line 403.
[35


pdfTeX warning (ext4): destination with the same identifier (name{figure.3.12})
 has been already used, duplicate ignored
<argument> ...shipout:D \box_use:N \l_shipout_box 
                                                  \__shipout_drop_firstpage_...
l.403 \clearpage
                 <./imagenes/img13.jpg>]
<imagenes/img15.jpg, id=438, 580.1675pt x 110.4125pt>
File: imagenes/img15.jpg Graphic file (type jpg)
<use imagenes/img15.jpg>
Package pdftex.def Info: imagenes/img15.jpg  used on input line 408.
(pdftex.def)             Requested size: 443.5788pt x 85.36156pt.


LaTeX Info: Redefining \. on input line 413.
LaTeX Info: Redefining \% on input line 413.
[36


pdfTeX warning (ext4): destination with the same identifier (name{figure.3.13})
 has been already used, duplicate ignored
<argument> ...shipout:D \box_use:N \l_shipout_box 
                                                  \__shipout_drop_firstpage_...
l.413 \chapter
              {RESULTADOS} <./imagenes/img15.jpg>]
Cap\'{\i }tulo 4.


[37


]
<imagenes/img16.jpg, id=448, 749.80125pt x 306.39468pt>
File: imagenes/img16.jpg Graphic file (type jpg)
<use imagenes/img16.jpg>
Package pdftex.def Info: imagenes/img16.jpg  used on input line 426.
(pdftex.def)             Requested size: 443.58022pt x 170.71494pt.


LaTeX Info: Redefining \. on input line 432.
LaTeX Info: Redefining \% on input line 432.
[38
pdfTeX warning (ext4): destination with the same identifier (name{figure.4.1}) 
has been already used, duplicate ignored
<argument> ...shipout:D \box_use:N \l_shipout_box 
                                                  \__shipout_drop_firstpage_...
l.432 
       <./imagenes/img16.jpg>]

LaTeX Info: Redefining \. on input line 434.
LaTeX Info: Redefining \% on input line 434.
[39]
<imagenes/img17.jpg, id=458, 722.7pt x 303.38344pt>
File: imagenes/img17.jpg Graphic file (type jpg)
<use imagenes/img17.jpg>
Package pdftex.def Info: imagenes/img17.jpg  used on input line 439.
(pdftex.def)             Requested size: 443.58118pt x 170.71756pt.


LaTeX Info: Redefining \. on input line 443.
LaTeX Info: Redefining \% on input line 443.
[40


pdfTeX warning (ext4): destination with the same identifier (name{figure.4.2}) 
has been already used, duplicate ignored
<argument> ...shipout:D \box_use:N \l_shipout_box 
                                                  \__shipout_drop_firstpage_...
l.443 \clearpage
                 <./imagenes/img17.jpg>]
<imagenes/img18.png, id=464, 559.59062pt x 229.85875pt>
File: imagenes/img18.png Graphic file (type png)
<use imagenes/img18.png>
Package pdftex.def Info: imagenes/img18.png  used on input line 448.
(pdftex.def)             Requested size: 443.59163pt x 170.72412pt.


LaTeX Info: Redefining \. on input line 453.
LaTeX Info: Redefining \% on input line 453.
[41


pdfTeX warning (ext4): destination with the same identifier (name{figure.4.3}) 
has been already used, duplicate ignored
<argument> ...shipout:D \box_use:N \l_shipout_box 
                                                  \__shipout_drop_firstpage_...
l.453 \clearpage
                 <./imagenes/img18.png>]
<imagenes/img19.jpg, id=472, 532.48938pt x 56.71187pt>
File: imagenes/img19.jpg Graphic file (type jpg)
<use imagenes/img19.jpg>
Package pdftex.def Info: imagenes/img19.jpg  used on input line 462.
(pdftex.def)             Requested size: 443.5911pt x 71.1328pt.

Underfull \vbox (badness 2600) has occurred while \output is active []



LaTeX Info: Redefining \. on input line 472.
LaTeX Info: Redefining \% on input line 472.
[42


pdfTeX warning (ext4): destination with the same identifier (name{figure.4.4}) 
has been already used, duplicate ignored
<argument> ...shipout:D \box_use:N \l_shipout_box 
                                                  \__shipout_drop_firstpage_...
l.472 
       <./imagenes/img19.jpg>])

LaTeX Info: Redefining \. on input line 146.
LaTeX Info: Redefining \% on input line 146.
[43]

[44



]
No file Principal.bbl.


[45


]

[46]
\openout2 = `apendices/anexo1.aux'.

 (apendices/anexo1.tex
(C:\Users\chris\AppData\Local\Programs\MiKTeX\tex/latex/listings\lstlang1.sty
File: lstlang1.sty 2024/09/23 1.10c listings language file
)
Overfull \hbox (13.71689pt too wide) in paragraph at lines 13--14
[][][][][][][][][][][][][][][][] 
 []



[47



]
Overfull \hbox (13.71689pt too wide) in paragraph at lines 28--29
[][][][][][][][][][][][][][][][][][][][][][][][][][][][][][][][] 
 []


Overfull \hbox (20.24968pt too wide) in paragraph at lines 36--37
[][][][][][][][][][][][][][][][] 
 []


Underfull \vbox (badness 10000) has occurred while \output is active []



LaTeX Info: Redefining \. on input line 53.
LaTeX Info: Redefining \% on input line 53.
[48]
Overfull \hbox (39.84805pt too wide) in paragraph at lines 53--54
[][][][][][][][][][][][][][][][][][][][][] 
 []


Overfull \hbox (7.1841pt too wide) in paragraph at lines 55--57
[][][][][][][][][][][][][][][][][][][][][][] 
 []


Overfull \hbox (65.97922pt too wide) in paragraph at lines 57--58
[][][][][][][][][][][][][][][][][][][][][] 
 []


Overfull \hbox (33.31526pt too wide) in paragraph at lines 60--61
[][][][][][][][][][][][][][][][][][][][][][][][] 
 []


Overfull \hbox (65.97922pt too wide) in paragraph at lines 63--64
[][][][][][][][][][][][][][][][][][][][][] 
 []


Overfull \hbox (79.0448pt too wide) in paragraph at lines 66--67
[][][][][][][][][][][][][][][][][][] 
 []


Overfull \hbox (65.97922pt too wide) in paragraph at lines 77--78
[][][][][][][][][][][][][][][][][][][][][][][] 
 []


Underfull \vbox (badness 10000) has occurred while \output is active []



[49]
Overfull \hbox (33.31526pt too wide) in paragraph at lines 85--86
[][][][][][][][][][][][][][][][][][][][][][] 
 []


Overfull \hbox (39.84805pt too wide) in paragraph at lines 99--100
[][][][][][][][][][][][][][][][][][][][][][] 
 []


Overfull \hbox (7.1841pt too wide) in paragraph at lines 105--106
[][][][][][][][][][][][] 
 []


Overfull \hbox (26.78247pt too wide) in paragraph at lines 106--107
[][][][][][][][][][][][][][][][][][][][][][][][][][][][][][] 
 []


Overfull \hbox (59.44643pt too wide) in paragraph at lines 107--108
[][][][][][][][][][][][][][][][][][][][][][][][][][][][] 
 []


Underfull \vbox (badness 10000) has occurred while \output is active []



LaTeX Info: Redefining \. on input line 110.
LaTeX Info: Redefining \% on input line 110.
[50]
Overfull \hbox (13.71689pt too wide) in paragraph at lines 110--111
[][][][][][][][][][][][][][][][][][][][][][][][][][][][][][][][][][] 
 []


Overfull \hbox (46.38084pt too wide) in paragraph at lines 117--118
[][][][][][][][][][][][][][][][][][][][] 
 []


Underfull \vbox (badness 10000) has occurred while \output is active []



[51]
Overfull \hbox (26.78247pt too wide) in paragraph at lines 140--141
[][][][][][][][][][][][][][][][][][][][][][][][][][][][][][][][] 
 []


Overfull \hbox (72.51201pt too wide) in paragraph at lines 147--148
[][][][][][][][][][][][][][][][][][][][][][][][][][][][][][][] 
 []


Overfull \hbox (20.24968pt too wide) in paragraph at lines 148--149
[][][][][][][][][][][][][][][][][][][][][][][][][][][][] 
 []


Overfull \hbox (72.51201pt too wide) in paragraph at lines 149--150
[][][][][][][][][][][][][][][][][][][][][][][][][][][][][][][] 
 []


Overfull \hbox (39.84805pt too wide) in paragraph at lines 150--152
[][][][][][][][][][][][][][][][][][][][][][][][][][][][][][][] 
 []


Overfull \hbox (79.0448pt too wide) in paragraph at lines 154--155
[][][][][][][][][][][][][][][][][][] 
 []


Overfull \hbox (0.6513pt too wide) in paragraph at lines 155--157
[][][][][][][][][][][][][][][] 
 []


Overfull \hbox (59.44643pt too wide) in paragraph at lines 158--159
[][][][][][][][][][][][][][][] 
 []


Overfull \hbox (39.84805pt too wide) in paragraph at lines 159--161
[][][][][][][][][][][][][][][][][][] 
 []


Overfull \hbox (13.71689pt too wide) in paragraph at lines 163--164
[][][][][][][][][][] 
 []


Underfull \vbox (badness 10000) has occurred while \output is active []



LaTeX Info: Redefining \. on input line 165.
LaTeX Info: Redefining \% on input line 165.
[52]
Overfull \hbox (20.24968pt too wide) in paragraph at lines 165--167
[][][][][][][][][][][][][][] 
 []


Overfull \hbox (20.24968pt too wide) in paragraph at lines 169--170
[][][][][][][][][][][][][][][][][][][][][][][][] 
 []


Overfull \hbox (46.38084pt too wide) in paragraph at lines 170--171
[][][][][][] 
 []


Overfull \hbox (79.0448pt too wide) in paragraph at lines 174--175
[][][][][][][][][][][][][][][][][][][][][][][] 
 []


Overfull \hbox (13.71689pt too wide) in paragraph at lines 175--177
[][][][][][][][][][][][] 
 []


Overfull \hbox (20.24968pt too wide) in paragraph at lines 178--179
[][][][][][][][][][][][][][][][] 
 []


Overfull \hbox (13.71689pt too wide) in paragraph at lines 179--180
[][][][][][][][][] 
 []


Overfull \hbox (20.24968pt too wide) in paragraph at lines 180--181
[][][][][][][][][][][][][][][][] 
 []


Overfull \hbox (13.71689pt too wide) in paragraph at lines 181--183
[][][][][][][][][] 
 []

)

[53]
\openout2 = `apendices/anexo2.aux'.

 (apendices/anexo2.tex

[54




]

[55

]
Overfull \hbox (33.31526pt too wide) in paragraph at lines 47--48
[][][][][][][][][][][][][][][] 
 []


Underfull \vbox (badness 10000) has occurred while \output is active []



LaTeX Info: Redefining \. on input line 54.
LaTeX Info: Redefining \% on input line 54.
[56]
Overfull \hbox (33.31526pt too wide) in paragraph at lines 56--57
[][][][][][][][][][][][][][][] 
 []


Overfull \hbox (7.1841pt too wide) in paragraph at lines 61--62
[][][][][][][][][][][][][] 
 []


Overfull \hbox (33.31526pt too wide) in paragraph at lines 70--71
[][][][][][][][][][][][][][][] 
 []


Underfull \vbox (badness 10000) has occurred while \output is active []



[57]

LaTeX Info: Redefining \. on input line 89.
LaTeX Info: Redefining \% on input line 89.
[58]
Underfull \vbox (badness 10000) has occurred while \output is active []



[59

]
Overfull \hbox (0.6513pt too wide) in paragraph at lines 124--125
[][][][][][][][][][][][][][][][][][][][][][] 
 []


Overfull \hbox (26.78247pt too wide) in paragraph at lines 125--127
[][][][][][][][][][][][][] 
 []


Overfull \hbox (46.38084pt too wide) in paragraph at lines 135--136
[][][][][][][][][][][][][][][] 
 []


Overfull \hbox (33.31526pt too wide) in paragraph at lines 142--143
[][][][][][][][][][][][][][][] 
 []


Overfull \hbox (7.1841pt too wide) in paragraph at lines 144--145
[][][][][][][][][][][][][] 
 []


Underfull \vbox (badness 10000) has occurred while \output is active []



LaTeX Info: Redefining \. on input line 148.
LaTeX Info: Redefining \% on input line 148.
[60]
Overfull \hbox (13.71689pt too wide) in paragraph at lines 148--149
[][][][][][][][][][][][][][][][][] 
 []


Overfull \hbox (33.31526pt too wide) in paragraph at lines 152--153
[][][][][][][][][][][][][][][] 
 []



[61]
Underfull \vbox (badness 10000) has occurred while \output is active []



LaTeX Info: Redefining \. on input line 198.
LaTeX Info: Redefining \% on input line 198.
[62

]

[63]

LaTeX Info: Redefining \. on input line 242.
LaTeX Info: Redefining \% on input line 242.
[64

]
Overfull \hbox (7.1841pt too wide) in paragraph at lines 246--247
[][][][][][][][][][][][][][][][][][][][][][][][][][][][] 
 []


Overfull \hbox (13.71689pt too wide) in paragraph at lines 248--250
[][][][] 
 []


Overfull \hbox (72.51201pt too wide) in paragraph at lines 251--252
[][][][][][][][][][][][][][][][][][][][][][][][][][][][][][][][][][] 
 []



[65

]
Overfull \hbox (0.6513pt too wide) in paragraph at lines 303--304
[][][][][][][][][][][][][][][][][][][][] 
 []


Underfull \vbox (badness 10000) has occurred while \output is active []



LaTeX Info: Redefining \. on input line 306.
LaTeX Info: Redefining \% on input line 306.
[66

]
Underfull \vbox (badness 10000) has occurred while \output is active []



[67]

LaTeX Info: Redefining \. on input line 345.
LaTeX Info: Redefining \% on input line 345.
[68]
Overfull \hbox (0.6513pt too wide) in paragraph at lines 367--368
[][][][][][][][][][][][][][][] 
 []


Underfull \vbox (badness 10000) has occurred while \output is active []



[69

])

LaTeX Info: Redefining \. on input line 191.
LaTeX Info: Redefining \% on input line 191.
[70]
\openout2 = `capitulos/conclusiones.aux'.

 (capitulos/conclusiones.tex
pdfTeX warning (ext4): destination with the same identifier (name{section.2.1})
 has been already used, duplicate ignored
<to be read again> 
                   \relax 
l.6 \section{Conclusión}
                         
Underfull \vbox (badness 1127) has occurred while \output is active []



[71





]
pdfTeX warning (ext4): destination with the same identifier (name{section.2.2})
 has been already used, duplicate ignored
<to be read again> 
                   \relax 
l.13 ...n{Futuros Trabajos y Alcances Potenciales}
                                                  

LaTeX Info: Redefining \. on input line 41.
LaTeX Info: Redefining \% on input line 41.
[72]

[73


]
Overfull \hbox (26.52708pt too wide) in paragraph at lines 57--58
[]\T1/cmr/m/n/10.95 Terasic Tech-no-lo-gies. (s.f.). DE2-115 User Ma-nual. Re-c
u-pe-ra-do de https://www.terasic.com.tw 
 []

)

LaTeX Info: Redefining \. on input line 194.
LaTeX Info: Redefining \% on input line 194.
[74]
No file Principal.ind.
(Principal.aux
LaTeX Info: Redefining \. on input line 13.
LaTeX Info: Redefining \% on input line 13.
 (preliminares/resumen.aux) (preliminares/abstract.aux)
(preliminares/nomenclatura.aux) (preliminares/introduccion.aux)
(capitulos/marcoreferencia.aux) (apendices/anexo1.aux) (apendices/anexo2.aux)
(capitulos/conclusiones.aux))
 ***********
LaTeX2e <2025-06-01> patch level 1
L3 programming layer <2025-07-11>
 ***********

(C:\Users\chris\AppData\Local\Programs\MiKTeX\tex/latex/babel-spanish\romanidx.
sty
\es@converted=\count407
\es@processed=\count408
\es@indexfile=\write9
\openout9 = `Principal.eix'.

 (Principal.idx)
*****************
Se ha procesado: Principal.idx
Lineas leidas: 0
Lineas convertidas: 0
Resultado en: Principal.eix
No se ha convertido nada. Se puede generar
el .ind directamente de Principal.idx
*****************
) ) 
Here is how much of TeX's memory you used:
 25673 strings out of 468149
 481490 string characters out of 5431082
 1090787 words of memory out of 5000000
 53078 multiletter control sequences out of 15000+600000
 759353 words of font info for 98 fonts, out of 8000000 for 9000
 1141 hyphenation exceptions out of 8191
 125i,13n,121p,1238b,2654s stack positions out of 10000i,1000n,20000p,200000b,200000s

pdfTeX warning (dest): name{section*.20} has been referenced but does not exist
, replaced by a fixed one

 <C:\Users\chris\AppData\Local\MiKTeX\fonts/pk/ljfour/jknappen/ec/dpi600\tcti10
95.pk> <C:\Users\chris\AppData\Local\MiKTeX\fonts/pk/ljfour/jknappen/ec/dpi600\
ecti1095.pk> <C:\Users\chris\AppData\Local\MiKTeX\fonts/pk/ljfour/jknappen/ec/d
pi600\ecbx2488.pk> <C:\Users\chris\AppData\Local\MiKTeX\fonts/pk/ljfour/jknappe
n/ec/dpi600\tcrm1095.pk> <C:\Users\chris\AppData\Local\MiKTeX\fonts/pk/ljfour/j
knappen/ec/dpi600\ecbi1095.pk> <C:\Users\chris\AppData\Local\MiKTeX\fonts/pk/lj
four/jknappen/ec/dpi600\ecbx1200.pk> <C:\Users\chris\AppData\Local\MiKTeX\fonts
/pk/ljfour/jknappen/ec/dpi600\ecbx1095.pk> <C:\Users\chris\AppData\Local\MiKTeX
\fonts/pk/ljfour/jknappen/ec/dpi600\ecrm1095.pk> <C:\Users\chris\AppData\Local\
MiKTeX\fonts/pk/ljfour/jknappen/ec/dpi600\ecrm1440.pk> <C:\Users\chris\AppData\
Local\MiKTeX\fonts/pk/ljfour/jknappen/ec/dpi600\ecrm1200.pk> <C:\Users\chris\Ap
pData\Local\MiKTeX\fonts/pk/ljfour/jknappen/ec/dpi600\ecbx1440.pk> <C:\Users\ch
ris\AppData\Local\MiKTeX\fonts/pk/ljfour/jknappen/ec/dpi600\ecti1200.pk> <C:\Us
ers\chris\AppData\Local\MiKTeX\fonts/pk/ljfour/jknappen/ec/dpi600\eccc1095.pk><
C:/Users/chris/AppData/Local/Programs/MiKTeX/fonts/type1/public/montserrat/Mont
serrat-Bold.pfb><C:/Users/chris/AppData/Local/Programs/MiKTeX/fonts/type1/publi
c/montserrat/Montserrat-Regular.pfb><C:/Users/chris/AppData/Local/Programs/MiKT
eX/fonts/type1/public/amsfonts/cm/cmmi10.pfb><C:/Users/chris/AppData/Local/Prog
rams/MiKTeX/fonts/type1/public/amsfonts/cm/cmr10.pfb><C:/Users/chris/AppData/Lo
cal/Programs/MiKTeX/fonts/type1/public/amsfonts/cm/cmsy10.pfb><C:/Users/chris/A
ppData/Local/Programs/MiKTeX/fonts/type1/public/fourier/fourier-orns.pfb>
Output written on Principal.pdf (94 pages, 2731539 bytes).
PDF statistics:
 1857 PDF objects out of 2073 (max. 8388607)
 711 named destinations out of 1000 (max. 500000)
 519 words of extra memory for PDF output out of 10000 (max. 10000000)

